<?xml version="1.0" encoding="UTF-8"?>
<!-- Generated by org.testng.reporters.JUnitXMLReporter -->
<testsuite ignored="0" hostname="DESKTOP-55HTNQ2" failures="0" tests="6" name="Test" time="41.221" errors="0" timestamp="25 Oct 2019 09:04:18 GMT">
  <testcase classname="com.testcases.LoginTest" name="FieldPresent" time="0.123"/>
  <testcase classname="com.testcases.LoginTest" name="loginData" time="8.4"/>
  <testcase classname="com.testcases.LoginTest" name="userName" time="4.357"/>
  <testcase classname="com.testcases.LoginTest" name="passWord" time="2.042"/>
  <testcase classname="com.testcases.LoginTest" name="login" time="5.225"/>
  <testcase classname="com.testcases.LoginTest" name="Add" time="6.792"/>
</testsuite> <!-- Test -->
