<?xml version="1.0" encoding="UTF-8"?>
<testng-results ignored="0" total="10" passed="10" failed="0" skipped="0">
  <reporter-output>
  </reporter-output>
  <suite started-at="2019-10-26T07:49:48Z" name="Default suite" finished-at="2019-10-26T07:51:38Z" duration-ms="109442">
    <groups>
    </groups>
    <test started-at="2019-10-26T07:49:48Z" name="Default test" finished-at="2019-10-26T07:51:38Z" duration-ms="109442">
      <class name="com.testcases.LoginTest">
        <test-method is-config="true" signature="setProperty()[pri:0, instance:com.testcases.LoginTest@12e61fe6]" started-at="2019-10-26T07:49:48Z" name="setProperty" finished-at="2019-10-26T07:49:58Z" duration-ms="9909" status="PASS">
          <reporter-output>
          </reporter-output>
        </test-method> <!-- setProperty -->
        <test-method signature="lunchApp()[pri:0, instance:com.testcases.LoginTest@12e61fe6]" started-at="2019-10-26T07:49:58Z" name="lunchApp" finished-at="2019-10-26T07:50:02Z" duration-ms="3302" status="PASS">
          <reporter-output>
          </reporter-output>
        </test-method> <!-- lunchApp -->
        <test-method signature="FieldPresent()[pri:1, instance:com.testcases.LoginTest@12e61fe6]" started-at="2019-10-26T07:50:02Z" name="FieldPresent" finished-at="2019-10-26T07:50:02Z" duration-ms="151" status="PASS">
          <reporter-output>
          </reporter-output>
        </test-method> <!-- FieldPresent -->
        <test-method signature="loginData()[pri:2, instance:com.testcases.LoginTest@12e61fe6]" started-at="2019-10-26T07:50:02Z" name="loginData" finished-at="2019-10-26T07:50:10Z" duration-ms="8362" status="PASS">
          <reporter-output>
          </reporter-output>
        </test-method> <!-- loginData -->
        <test-method signature="userName()[pri:3, instance:com.testcases.LoginTest@12e61fe6]" started-at="2019-10-26T07:50:10Z" name="userName" finished-at="2019-10-26T07:50:14Z" duration-ms="4377" status="PASS">
          <reporter-output>
          </reporter-output>
        </test-method> <!-- userName -->
        <test-method signature="passWord()[pri:4, instance:com.testcases.LoginTest@12e61fe6]" started-at="2019-10-26T07:50:14Z" name="passWord" finished-at="2019-10-26T07:50:16Z" duration-ms="2048" status="PASS">
          <reporter-output>
          </reporter-output>
        </test-method> <!-- passWord -->
        <test-method signature="login()[pri:5, instance:com.testcases.LoginTest@12e61fe6]" started-at="2019-10-26T07:50:16Z" name="login" finished-at="2019-10-26T07:50:22Z" duration-ms="5244" status="PASS">
          <reporter-output>
          </reporter-output>
        </test-method> <!-- login -->
        <test-method signature="Add()[pri:6, instance:com.testcases.LoginTest@12e61fe6]" started-at="2019-10-26T07:50:22Z" name="Add" finished-at="2019-10-26T07:50:38Z" duration-ms="16256" status="PASS">
          <reporter-output>
          </reporter-output>
        </test-method> <!-- Add -->
        <test-method signature="Sub()[pri:7, instance:com.testcases.LoginTest@12e61fe6]" started-at="2019-10-26T07:50:38Z" name="Sub" finished-at="2019-10-26T07:50:54Z" duration-ms="16054" status="PASS">
          <reporter-output>
          </reporter-output>
        </test-method> <!-- Sub -->
        <test-method signature="Dev()[pri:8, instance:com.testcases.LoginTest@12e61fe6]" started-at="2019-10-26T07:50:54Z" name="Dev" finished-at="2019-10-26T07:51:21Z" duration-ms="26805" status="PASS">
          <reporter-output>
          </reporter-output>
        </test-method> <!-- Dev -->
        <test-method signature="Multi()[pri:9, instance:com.testcases.LoginTest@12e61fe6]" started-at="2019-10-26T07:51:21Z" name="Multi" finished-at="2019-10-26T07:51:37Z" duration-ms="16052" status="PASS">
          <reporter-output>
          </reporter-output>
        </test-method> <!-- Multi -->
        <test-method is-config="true" signature="CloseApp()[pri:0, instance:com.testcases.LoginTest@12e61fe6]" started-at="2019-10-26T07:51:37Z" name="CloseApp" finished-at="2019-10-26T07:51:38Z" duration-ms="830" status="PASS">
          <reporter-output>
          </reporter-output>
        </test-method> <!-- CloseApp -->
      </class> <!-- com.testcases.LoginTest -->
    </test> <!-- Default test -->
  </suite> <!-- Default suite -->
</testng-results>
